Starting Dynare (version 6.1).
Calling Dynare with arguments: none
Preprocessing time: 0h00m00s.
warning: Some of the parameters have no value (b_star, r_star) when using stoch_simul. If these parameters are not initialized in a steadystate file or a steady_state_model-block, Dynare may not be able to solve the model. Note that simul, perfect_foresight_setup, and perfect_foresight_solver do not automatically call the steady state file.

MODEL SUMMARY

  Number of variables:         21
  Number of stochastic shocks: 2
  Number of state variables:   5
  Number of jumpers:           4
  Number of static variables:  15


MATRIX OF COVARIANCE OF EXOGENOUS SHOCKS
Variables       eps_z     eps_g
eps_z        0.000049  0.000000
eps_g        0.000000  0.000224


 Table 5 - Moments Canada 
            sigma(y) 	 1.73
      sigma(delta y) 	 1.26
   sigma(c)/sigma(y) 	 1.00
   sigma(i)/sigma(y) 	 2.25
  sigma(nx)/sigma(y) 	 0.55
              rho(y) 	 0.76
        rho(delta y) 	 0.08
           rho(y,nx) 	 -0.26
            rho(y,c) 	 0.88
            rho(y,i) 	 0.92
Total computing time : 0h00m09s
Note: warning(s) encountered in MATLAB/Octave code
